<?xml version="1.0" encoding="UTF-8"?>
<!-- Generated by org.testng.reporters.JUnitReportReporter -->
<testsuite skipped="0" hostname="mindc1d180" name="runner.TestExecution" tests="2" failures="0" timestamp="2022-05-15T13:36:13 IST" time="41.841" errors="0">
  <testcase name="t1" time="20.996" classname="runner.TestExecution"/>
  <system-out/>
  <testcase name="t" time="20.845" classname="runner.TestExecution"/>
  <system-out/>
</testsuite> <!-- runner.TestExecution -->
