<?xml version="1.0" encoding="UTF-8"?>
<!-- Generated by org.testng.reporters.JUnitReportReporter -->
<testsuite hostname="mindc1d180" failures="0" tests="2" name="runner.TestExecution" time="34.401" errors="0" timestamp="2022-05-15T11:28:49 IST" skipped="0">
  <testcase classname="runner.TestExecution" name="t" time="17.382"/>
  <system-out/>
  <testcase classname="runner.TestExecution" name="t1" time="17.019"/>
  <system-out/>
</testsuite> <!-- runner.TestExecution -->
